<?xml version="1.0" encoding="UTF-8"?>
<robot generator="Robot 4.1.3 (Python 3.10.4 on win32)" generated="20220408 14:47:02.968" rpa="false" schemaversion="2">
<suite id="s1" name="Start" source="C:\Users\Mario.Doman\Desktop\MY_PROJECTS\VPP_VAGRANT_ROBOT_AUTOMATION\start.robot">
<test id="s1-t1" name="Start Vagrant VM and check reply from from 172.168.1.6">
<kw name="Run Process" library="Process">
<var>${result}</var>
<arg>vagrant</arg>
<arg>up</arg>
<arg>shell=True</arg>
<arg>stdout=vm_start_log.txt</arg>
<doc>Runs a process and waits for it to complete.</doc>
<msg timestamp="20220408 14:47:02.985" level="INFO">Starting process:
vagrant up</msg>
<msg timestamp="20220408 14:47:02.988" level="INFO">Waiting for process to complete.</msg>
<msg timestamp="20220408 14:48:01.118" level="INFO">Process completed.</msg>
<msg timestamp="20220408 14:48:01.119" level="INFO">${result} = &lt;result object with rc 0&gt;</msg>
<status status="PASS" starttime="20220408 14:47:02.985" endtime="20220408 14:48:01.119"/>
</kw>
<kw name="Should Contain" library="BuiltIn">
<arg>${result.stdout}</arg>
<arg>64 bytes from 172.168.1.6:</arg>
<doc>Fails if ``container`` does not contain ``item`` one or more times.</doc>
<status status="PASS" starttime="20220408 14:48:01.120" endtime="20220408 14:48:01.125"/>
</kw>
<status status="PASS" starttime="20220408 14:47:02.985" endtime="20220408 14:48:01.125"/>
</test>
<test id="s1-t2" name="Ping test from host to bridged adapter">
<kw name="Run Process" library="Process">
<var>${result}</var>
<arg>ping 192.168.1.17</arg>
<arg>shell=True</arg>
<arg>stdout=stdout.txt</arg>
<doc>Runs a process and waits for it to complete.</doc>
<msg timestamp="20220408 14:48:01.127" level="INFO">Starting process:
ping 192.168.1.17</msg>
<msg timestamp="20220408 14:48:01.130" level="INFO">Waiting for process to complete.</msg>
<msg timestamp="20220408 14:48:04.149" level="INFO">Process completed.</msg>
<msg timestamp="20220408 14:48:04.149" level="INFO">${result} = &lt;result object with rc 0&gt;</msg>
<status status="PASS" starttime="20220408 14:48:01.127" endtime="20220408 14:48:04.149"/>
</kw>
<kw name="Log" library="BuiltIn">
<arg>all output: ${result.stdout}</arg>
<doc>Logs the given message with the given level.</doc>
<msg timestamp="20220408 14:48:04.154" level="INFO">all output: 
Pinging 192.168.1.17 with 32 bytes of data:
Reply from 192.168.1.17: bytes=32 time&lt;1ms TTL=64
Reply from 192.168.1.17: bytes=32 time&lt;1ms TTL=64
Reply from 192.168.1.17: bytes=32 time&lt;1ms TTL=64
Reply from 192.168.1.17: bytes=32 time&lt;1ms TTL=64

Ping statistics for 192.168.1.17:
    Packets: Sent = 4, Received = 4, Lost = 0 (0% loss),
Approximate round trip times in milli-seconds:
    Minimum = 0ms, Maximum = 0ms, Average = 0ms</msg>
<status status="PASS" starttime="20220408 14:48:04.150" endtime="20220408 14:48:04.154"/>
</kw>
<kw name="Should Contain" library="BuiltIn">
<arg>${result.stdout}</arg>
<arg>Reply from 192.168.1.17</arg>
<doc>Fails if ``container`` does not contain ``item`` one or more times.</doc>
<status status="PASS" starttime="20220408 14:48:04.155" endtime="20220408 14:48:04.155"/>
</kw>
<status status="PASS" starttime="20220408 14:48:01.126" endtime="20220408 14:48:04.156"/>
</test>
<test id="s1-t3" name="IPERF test from host to bridged adapter">
<kw name="Run Process" library="Process">
<var>${result}</var>
<arg>/iperf/iperf.exe</arg>
<arg>-c</arg>
<arg>192.168.1.17</arg>
<arg>shell=True</arg>
<arg>stdout=iperf_stdout.txt</arg>
<doc>Runs a process and waits for it to complete.</doc>
<msg timestamp="20220408 14:48:04.157" level="INFO">Starting process:
/iperf/iperf.exe -c 192.168.1.17</msg>
<msg timestamp="20220408 14:48:04.159" level="INFO">Waiting for process to complete.</msg>
<msg timestamp="20220408 14:48:14.228" level="INFO">Process completed.</msg>
<msg timestamp="20220408 14:48:14.229" level="INFO">${result} = &lt;result object with rc 0&gt;</msg>
<status status="PASS" starttime="20220408 14:48:04.156" endtime="20220408 14:48:14.229"/>
</kw>
<kw name="Log" library="BuiltIn">
<arg>all output: ${result.stdout}</arg>
<doc>Logs the given message with the given level.</doc>
<msg timestamp="20220408 14:48:14.233" level="INFO">all output: ------------------------------------------------------------
Client connecting to 192.168.1.17, TCP port 5001
TCP window size: 63.0 KByte (default)
------------------------------------------------------------
[  3] local 192.168.1.249 port 58016 connected with 192.168.1.17 port 5001
[ ID] Interval       Transfer     Bandwidth
[  3]  0.0-10.0 sec  4.99 GBytes  4.28 Gbits/sec</msg>
<status status="PASS" starttime="20220408 14:48:14.229" endtime="20220408 14:48:14.233"/>
</kw>
<kw name="Should Contain" library="BuiltIn">
<arg>${result.stdout}</arg>
<arg>connected with 192.168.1.17 port 5001</arg>
<doc>Fails if ``container`` does not contain ``item`` one or more times.</doc>
<status status="PASS" starttime="20220408 14:48:14.233" endtime="20220408 14:48:14.234"/>
</kw>
<status status="PASS" starttime="20220408 14:48:04.156" endtime="20220408 14:48:14.234"/>
</test>
<test id="s1-t4" name="Stop Vagrant VM and check shutdown message">
<kw name="Run Process" library="Process">
<var>${result}</var>
<arg>vagrant</arg>
<arg>halt</arg>
<arg>shell=True</arg>
<arg>stdout=vm_shutdown_log.txt</arg>
<doc>Runs a process and waits for it to complete.</doc>
<msg timestamp="20220408 14:48:14.235" level="INFO">Starting process:
vagrant halt</msg>
<msg timestamp="20220408 14:48:14.238" level="INFO">Waiting for process to complete.</msg>
<msg timestamp="20220408 14:48:22.189" level="INFO">Process completed.</msg>
<msg timestamp="20220408 14:48:22.189" level="INFO">${result} = &lt;result object with rc 0&gt;</msg>
<status status="PASS" starttime="20220408 14:48:14.234" endtime="20220408 14:48:22.189"/>
</kw>
<kw name="Should Contain" library="BuiltIn">
<arg>${result.stdout}</arg>
<arg>Attempting graceful shutdown of VM</arg>
<doc>Fails if ``container`` does not contain ``item`` one or more times.</doc>
<status status="PASS" starttime="20220408 14:48:22.189" endtime="20220408 14:48:22.190"/>
</kw>
<status status="PASS" starttime="20220408 14:48:14.234" endtime="20220408 14:48:22.190"/>
</test>
<status status="PASS" starttime="20220408 14:47:02.968" endtime="20220408 14:48:22.191"/>
</suite>
<statistics>
<total>
<stat pass="4" fail="0" skip="0">All Tests</stat>
</total>
<tag>
</tag>
<suite>
<stat pass="4" fail="0" skip="0" id="s1" name="Start">Start</stat>
</suite>
</statistics>
<errors>
</errors>
</robot>
